<?xml version="1.0" encoding="UTF-8"?>
<!-- Generated by org.testng.reporters.JUnitXMLReporter -->
<testsuite ignored="0" hostname="Akash-Naykude-Lenovo" failures="2" tests="5" name="Akash" time="28.144" errors="0" timestamp="2024-02-26T19:38:19 IST">
  <testcase classname="fss.AllScreenshots.ExtentReportsUpdated.BasicTestThreeProgram" name="pageTitle_Test1" time="2.142"/>
  <testcase classname="fss.AllScreenshots.ExtentReportsUpdated.BasicTestThreeProgram" name="loginTest_Test2" time="2.134">
    <failure type="java.lang.AssertionError" message="The following asserts failed:
	Title Mismatched expected [nopCommerce demo store. Login] but found [nopCommerce demo store. Welcome]">
      <![CDATA[java.lang.AssertionError: The following asserts failed:
Title Mismatched expected [nopCommerce demo store. Login] but found [nopCommerce demo store. Welcome]
at fss.AllScreenshots.ExtentReportsUpdated.BasicTestThreeProgram.loginTest_Test2(BasicTestThreeProgram.java:42)
at java.base/java.util.ArrayList.forEach(ArrayList.java:1511)
... Removed 27 stack frames]]>
    </failure>
  </testcase> <!-- loginTest_Test2 -->
  <testcase classname="fss.AllScreenshots.ExtentReportsUpdated.BasicTestThreeProgram" name="dependentTest_Test3" time="0.0">
    <skipped/>
  </testcase> <!-- dependentTest_Test3 -->
  <testcase classname="fss.AllScreenshots.ExtentReportsUpdated.BasicTestThreeProgram" name="TitleTest2_Test4" time="1.665"/>
  <testcase classname="fss.AllScreenshots.ExtentReportsUpdated.BasicTestThreeProgram" name="loginTest2_Test5" time="2.103">
    <failure type="java.lang.AssertionError" message="The following asserts failed:
	Title Mismatched expected [nopCommerce demo store. Login] but found [nopCommerce demo store. Welcome]">
      <![CDATA[java.lang.AssertionError: The following asserts failed:
Title Mismatched expected [nopCommerce demo store. Login] but found [nopCommerce demo store. Welcome]
at fss.AllScreenshots.ExtentReportsUpdated.BasicTestThreeProgram.loginTest2_Test5(BasicTestThreeProgram.java:85)
at java.base/java.util.ArrayList.forEach(ArrayList.java:1511)
... Removed 27 stack frames]]>
    </failure>
  </testcase> <!-- loginTest2_Test5 -->
</testsuite> <!-- Akash -->
